<?xml version="1.0" encoding="UTF-8"?><testrun name="SecondRunner" project="Cucumber" tests="12" started="12" failures="2" errors="0" ignored="0">
  <testsuite name="com.qa.cucumberFeatures.SecondRunner" time="11.319">
    <testsuite name="Feature: Searching for terms" time="11.319">
      <testsuite name="Scenario Outline: Search bing for google" time="11.319">
        <testsuite name="Examples:" time="11.319">
          <testsuite name="| https://www.bing.com | QAConsulting |" time="1.86">
            <testcase name="Given I go to &quot;https://www.bing.com&quot; website" classname="| https://www.bing.com | QAConsulting |" time="1.275"/>
            <testcase name="When I search for &quot;QAConsulting&quot;" classname="| https://www.bing.com | QAConsulting |" time="0.007"/>
            <testcase name="Then I am taken to a list of data for that search" classname="| https://www.bing.com | QAConsulting |" time="0.578"/>
          </testsuite>
          <testsuite name="| https://www.bing.com | Guru99 |" time="1.128">
            <testcase name="Given I go to &quot;https://www.bing.com&quot; website" classname="| https://www.bing.com | Guru99 |" time="0.546"/>
            <testcase name="When I search for &quot;Guru99&quot;" classname="| https://www.bing.com | Guru99 |" time="0.005"/>
            <testcase name="Then I am taken to a list of data for that search" classname="| https://www.bing.com | Guru99 |" time="0.577"/>
          </testsuite>
          <testsuite name="| https://www.bing.com | BlazeDemo |" time="1.14">
            <testcase name="Given I go to &quot;https://www.bing.com&quot; website" classname="| https://www.bing.com | BlazeDemo |" time="0.544"/>
            <testcase name="When I search for &quot;BlazeDemo&quot;" classname="| https://www.bing.com | BlazeDemo |" time="0.021"/>
            <testcase name="Then I am taken to a list of data for that search" classname="| https://www.bing.com | BlazeDemo |" time="0.575"/>
          </testsuite>
          <testsuite name="| https://www.bing.com | Automated Testing |" time="0.154" incomplete="true">
            <failure>java.lang.AssertionError: Still on bing&#13;
	at org.junit.Assert.fail(Assert.java:88)&#13;
	at org.junit.Assert.assertTrue(Assert.java:41)&#13;
	at org.junit.Assert.assertFalse(Assert.java:64)&#13;
	at com.qa.cucumberFeatures.StepDefinition.i_am_taken_to_a_list_of_data_for_that_search(StepDefinition.java:41)&#13;
	at ✽.Then I am taken to a list of data for that search(C:/Users/Admin/Downloads/Parametisation.feature:9)&#13;
&#13;
</failure>
            <testcase name="Given I go to &quot;https://www.bing.com&quot; website" classname="| https://www.bing.com | Automated Testing |" time="0.147"/>
            <testcase name="When I search for &quot;Automated Testing&quot;" classname="| https://www.bing.com | Automated Testing |" time="0.006"/>
            <testcase name="Then I am taken to a list of data for that search" classname="| https://www.bing.com | Automated Testing |" time="0.001">
              <failure>java.lang.AssertionError: Still on bing&#13;
	at org.junit.Assert.fail(Assert.java:88)&#13;
	at org.junit.Assert.assertTrue(Assert.java:41)&#13;
	at org.junit.Assert.assertFalse(Assert.java:64)&#13;
	at com.qa.cucumberFeatures.StepDefinition.i_am_taken_to_a_list_of_data_for_that_search(StepDefinition.java:41)&#13;
	at ✽.Then I am taken to a list of data for that search(C:/Users/Admin/Downloads/Parametisation.feature:9)&#13;
&#13;
</failure>
            </testcase>
          </testsuite>
        </testsuite>
      </testsuite>
    </testsuite>
  </testsuite>
</testrun>
